<?xml version="1.0" encoding="utf-8"?><testsuites name="pytest tests"><testsuite name="pytest" errors="0" failures="0" skipped="0" tests="22" time="2.763" timestamp="2025-08-23T12:52:41.967924+00:00" hostname="23bd1b43b74c"><testcase classname="tests.test_question_answering" name="test_question_answering[QA_For_a_long_time]" time="0.126" /><testcase classname="tests.test_question_answering" name="test_question_answering[QA_The_region_is_h]" time="0.101" /><testcase classname="tests.test_question_answering" name="test_question_answering[QA_Genghis_Khan_un]" time="0.143" /><testcase classname="tests.test_question_answering" name="test_question_answering[QA_EU_Competition_]" time="0.181" /><testcase classname="tests.test_question_answering" name="test_question_answering[QA_What_we_now_cal]" time="0.115" /><testcase classname="tests.test_question_answering" name="test_question_answering[QA_Commissioners_h]" time="0.168" /><testcase classname="tests.test_question_answering" name="test_question_answering[QA_The_city_is_the]" time="0.116" /><testcase classname="tests.test_question_answering" name="test_question_answering[QA_are_prime_for_a]" time="0.093" /><testcase classname="tests.test_question_answering" name="test_question_answering[QA_In_this_last_co]" time="0.111" /><testcase classname="tests.test_question_answering" name="test_question_answering[QA_Private_schools]" time="0.129" /><testcase classname="tests.test_question_answering" name="test_generate_markdown_summary_qa" time="0.002" /><testcase classname="tests.test_sentiment_analysis" name="test_sentiment_analysis[Sent_Last_year___8_3]" time="0.044" /><testcase classname="tests.test_sentiment_analysis" name="test_sentiment_analysis[Sent__UBNT_still_hav]" time="0.045" /><testcase classname="tests.test_sentiment_analysis" name="test_sentiment_analysis[Sent____Uncommonly_w]" time="0.038" /><testcase classname="tests.test_sentiment_analysis" name="test_sentiment_analysis[Sent_The_measures_re]" time="0.032" /><testcase classname="tests.test_sentiment_analysis" name="test_sentiment_analysis[Sent_long__AAPL]" time="0.027" /><testcase classname="tests.test_sentiment_analysis" name="test_sentiment_analysis[Sent_When_dialing_in]" time="0.034" /><testcase classname="tests.test_sentiment_analysis" name="test_sentiment_analysis[Sent_The_total_need_]" time="0.030" /><testcase classname="tests.test_sentiment_analysis" name="test_sentiment_analysis[Sent_Aspen_to_Buy_An]" time="0.032" /><testcase classname="tests.test_sentiment_analysis" name="test_sentiment_analysis[Sent_Tornio_Works_em]" time="0.044" /><testcase classname="tests.test_sentiment_analysis" name="test_sentiment_analysis[Sent_In_2007___almos]" time="0.034" /><testcase classname="tests.test_sentiment_analysis" name="test_generate_markdown_summary_sa" time="0.002" /></testsuite></testsuites>