<?xml version="1.0" encoding="utf-8"?><testsuites name="pytest tests"><testsuite name="pytest" errors="0" failures="0" skipped="0" tests="22" time="2.694" timestamp="2025-08-24T11:55:55.063874+00:00" hostname="d60ad8996470"><testcase classname="tests.test_question_answering" name="test_question_answering[QA_While_Qutb_s_id]" time="0.111" /><testcase classname="tests.test_question_answering" name="test_question_answering[QA_An_early_import]" time="0.095" /><testcase classname="tests.test_question_answering" name="test_question_answering[QA_Near_Tamins_Rei]" time="0.112" /><testcase classname="tests.test_question_answering" name="test_question_answering[QA_The_strong_forc]" time="0.092" /><testcase classname="tests.test_question_answering" name="test_question_answering[QA_Since_its_inven]" time="0.125" /><testcase classname="tests.test_question_answering" name="test_question_answering[QA_Land_based_stea]" time="0.086" /><testcase classname="tests.test_question_answering" name="test_question_answering[QA_Other_component]" time="0.092" /><testcase classname="tests.test_question_answering" name="test_question_answering[QA_The_variant_for]" time="0.159" /><testcase classname="tests.test_question_answering" name="test_question_answering[QA_Gasquet__1908__]" time="0.094" /><testcase classname="tests.test_question_answering" name="test_question_answering[QA_Where_CHP_is_no]" time="0.156" /><testcase classname="tests.test_question_answering" name="test_generate_markdown_summary_qa" time="0.002" /><testcase classname="tests.test_sentiment_analysis" name="test_sentiment_analysis[Sent_Deliveries_by_O]" time="0.042" /><testcase classname="tests.test_sentiment_analysis" name="test_sentiment_analysis[Sent_Incap_Contract_]" time="0.039" /><testcase classname="tests.test_sentiment_analysis" name="test_sentiment_analysis[Sent_The_agreement_i]" time="0.031" /><testcase classname="tests.test_sentiment_analysis" name="test_sentiment_analysis[Sent_Finnish_bank_Po]" time="0.059" /><testcase classname="tests.test_sentiment_analysis" name="test_sentiment_analysis[Sent_According_to_la]" time="0.035" /><testcase classname="tests.test_sentiment_analysis" name="test_sentiment_analysis[Sent_Valeant_Names_I]" time="0.031" /><testcase classname="tests.test_sentiment_analysis" name="test_sentiment_analysis[Sent_Production_is_s]" time="0.032" /><testcase classname="tests.test_sentiment_analysis" name="test_sentiment_analysis[Sent__BONE_Earnings_]" time="0.035" /><testcase classname="tests.test_sentiment_analysis" name="test_sentiment_analysis[Sent_Metsa_Botnia_wi]" time="0.056" /><testcase classname="tests.test_sentiment_analysis" name="test_sentiment_analysis[Sent_EPS_for_the_qua]" time="0.042" /><testcase classname="tests.test_sentiment_analysis" name="test_generate_markdown_summary_sa" time="0.002" /></testsuite></testsuites>