<?xml version="1.0" encoding="utf-8"?><testsuites name="pytest tests"><testsuite name="pytest" errors="0" failures="0" skipped="0" tests="7" time="3.422" timestamp="2025-08-22T19:32:41.034472+12:00" hostname="bs-MacBook-Pro.local"><testcase classname="tests.test_question_answering" name="test_question_answering[QA_Another_importa]" time="0.837" /><testcase classname="tests.test_question_answering" name="test_question_answering[QA_Baran_developed]" time="0.066" /><testcase classname="tests.test_question_answering" name="test_generate_markdown_summary_qa" time="0.001" /><testcase classname="tests.test_sentiment_analysis" name="test_sentiment_analysis[Sent_Cash_Flow_from_]" time="0.021" /><testcase classname="tests.test_sentiment_analysis" name="test_sentiment_analysis[Sent__Dojiknows_th_S]" time="0.017" /><testcase classname="tests.test_sentiment_analysis" name="test_sentiment_analysis[Sent_Furthermore___o]" time="0.429" /><testcase classname="tests.test_sentiment_analysis" name="test_generate_markdown_summary_sa" time="0.001" /></testsuite></testsuites>