<?xml version="1.0" encoding="utf-8"?><testsuites name="pytest tests"><testsuite name="pytest" errors="0" failures="0" skipped="0" tests="22" time="2.666" timestamp="2025-08-24T04:03:00.314000+00:00" hostname="5232b3af17dc"><testcase classname="tests.test_question_answering" name="test_question_answering[QA_Major_events_al]" time="0.105" /><testcase classname="tests.test_question_answering" name="test_question_answering[QA_To_accurately_m]" time="0.116" /><testcase classname="tests.test_question_answering" name="test_question_answering[QA_The_1973_oil_cr]" time="0.098" /><testcase classname="tests.test_question_answering" name="test_question_answering[QA_The_principle_o]" time="0.124" /><testcase classname="tests.test_question_answering" name="test_question_answering[QA_Southern_Califo]" time="0.162" /><testcase classname="tests.test_question_answering" name="test_question_answering[QA_French_Huguenot]" time="0.138" /><testcase classname="tests.test_question_answering" name="test_question_answering[QA_The_unusually_h]" time="0.092" /><testcase classname="tests.test_question_answering" name="test_question_answering[QA_Within_southern]" time="0.076" /><testcase classname="tests.test_question_answering" name="test_question_answering[QA_The_8__and_10_c]" time="0.062" /><testcase classname="tests.test_question_answering" name="test_question_answering[QA_A_static_equili]" time="0.114" /><testcase classname="tests.test_question_answering" name="test_generate_markdown_summary_qa" time="0.002" /><testcase classname="tests.test_sentiment_analysis" name="test_sentiment_analysis[Sent_X_marks_the_rec]" time="0.061" /><testcase classname="tests.test_sentiment_analysis" name="test_sentiment_analysis[Sent_Net_profit_fell]" time="0.038" /><testcase classname="tests.test_sentiment_analysis" name="test_sentiment_analysis[Sent_Finnish_financi]" time="0.047" /><testcase classname="tests.test_sentiment_analysis" name="test_sentiment_analysis[Sent_Finnish_airline]" time="0.034" /><testcase classname="tests.test_sentiment_analysis" name="test_sentiment_analysis[Sent_The_EUR_0_7_mil]" time="0.034" /><testcase classname="tests.test_sentiment_analysis" name="test_sentiment_analysis[Sent_It_also_turned_]" time="0.038" /><testcase classname="tests.test_sentiment_analysis" name="test_sentiment_analysis[Sent____Tom_Doring_h]" time="0.037" /><testcase classname="tests.test_sentiment_analysis" name="test_sentiment_analysis[Sent_AHMS_will_also_]" time="0.039" /><testcase classname="tests.test_sentiment_analysis" name="test_sentiment_analysis[Sent_Telecom_has_a_f]" time="0.043" /><testcase classname="tests.test_sentiment_analysis" name="test_sentiment_analysis[Sent_In_2007_Talentu]" time="0.052" /><testcase classname="tests.test_sentiment_analysis" name="test_generate_markdown_summary_sa" time="0.002" /></testsuite></testsuites>