<?xml version="1.0" encoding="utf-8"?><testsuites name="pytest tests"><testsuite name="pytest" errors="0" failures="0" skipped="0" tests="22" time="2.682" timestamp="2025-08-25T10:01:41.873105+00:00" hostname="112b4321a0c4"><testcase classname="tests.test_question_answering" name="test_question_answering[QA_Howard_Zinn_wri]" time="0.131" /><testcase classname="tests.test_question_answering" name="test_question_answering[QA_The_Daily_Mail_]" time="0.104" /><testcase classname="tests.test_question_answering" name="test_question_answering[QA_The_historical_]" time="0.102" /><testcase classname="tests.test_question_answering" name="test_question_answering[QA_Formed_in_1946_]" time="0.078" /><testcase classname="tests.test_question_answering" name="test_question_answering[QA_Approximately_o]" time="0.079" /><testcase classname="tests.test_question_answering" name="test_question_answering[QA_In_the_early_ye]" time="0.157" /><testcase classname="tests.test_question_answering" name="test_question_answering[QA_The_War_of_the_]" time="0.094" /><testcase classname="tests.test_question_answering" name="test_question_answering[QA_Many_faults_are]" time="0.069" /><testcase classname="tests.test_question_answering" name="test_question_answering[QA_An_increase_in_]" time="0.143" /><testcase classname="tests.test_question_answering" name="test_question_answering[QA_The_dominant_ex]" time="0.160" /><testcase classname="tests.test_question_answering" name="test_generate_markdown_summary_qa" time="0.002" /><testcase classname="tests.test_sentiment_analysis" name="test_sentiment_analysis[Sent_After_non_recur]" time="0.047" /><testcase classname="tests.test_sentiment_analysis" name="test_sentiment_analysis[Sent_Valmet_Automoti]" time="0.035" /><testcase classname="tests.test_sentiment_analysis" name="test_sentiment_analysis[Sent__SPY_extreme_wi]" time="0.056" /><testcase classname="tests.test_sentiment_analysis" name="test_sentiment_analysis[Sent_The_development]" time="0.044" /><testcase classname="tests.test_sentiment_analysis" name="test_sentiment_analysis[Sent_New_Delhi___Feb]" time="0.058" /><testcase classname="tests.test_sentiment_analysis" name="test_sentiment_analysis[Sent_A_total_of_38_2]" time="0.048" /><testcase classname="tests.test_sentiment_analysis" name="test_sentiment_analysis[Sent_More_than_a_thi]" time="0.033" /><testcase classname="tests.test_sentiment_analysis" name="test_sentiment_analysis[Sent_In_a_release_on]" time="0.044" /><testcase classname="tests.test_sentiment_analysis" name="test_sentiment_analysis[Sent_Sony_Ericsson_a]" time="0.034" /><testcase classname="tests.test_sentiment_analysis" name="test_sentiment_analysis[Sent____The_implemen]" time="0.045" /><testcase classname="tests.test_sentiment_analysis" name="test_generate_markdown_summary_sa" time="0.002" /></testsuite></testsuites>