<?xml version="1.0" encoding="utf-8"?><testsuites name="pytest tests"><testsuite name="pytest" errors="0" failures="0" skipped="0" tests="22" time="2.829" timestamp="2025-08-22T12:31:06.033793+00:00" hostname="08ff4f7b6112"><testcase classname="tests.test_question_answering" name="test_question_answering[QA_The_2007_Lisbon]" time="0.144" /><testcase classname="tests.test_question_answering" name="test_question_answering[QA_Research_by_Har]" time="0.093" /><testcase classname="tests.test_question_answering" name="test_question_answering[QA_The_party__or_p]" time="0.142" /><testcase classname="tests.test_question_answering" name="test_question_answering[QA_There_are_also_]" time="0.099" /><testcase classname="tests.test_question_answering" name="test_question_answering[QA_The_Norman_dyna]" time="0.198" /><testcase classname="tests.test_question_answering" name="test_question_answering[QA_Warsaw__Polish_]" time="0.112" /><testcase classname="tests.test_question_answering" name="test_question_answering[QA_The_best__worst]" time="0.066" /><testcase classname="tests.test_question_answering" name="test_question_answering[QA_Oxygen_was_disc]" time="0.130" /><testcase classname="tests.test_question_answering" name="test_question_answering[QA_From_the_late_1]" time="0.167" /><testcase classname="tests.test_question_answering" name="test_question_answering[QA_In_October_2010]" time="0.125" /><testcase classname="tests.test_question_answering" name="test_generate_markdown_summary_qa" time="0.002" /><testcase classname="tests.test_sentiment_analysis" name="test_sentiment_analysis[Sent_Capacity_will_e]" time="0.056" /><testcase classname="tests.test_sentiment_analysis" name="test_sentiment_analysis[Sent_55_workers_in__]" time="0.033" /><testcase classname="tests.test_sentiment_analysis" name="test_sentiment_analysis[Sent_L_T__s_net_prof]" time="0.038" /><testcase classname="tests.test_sentiment_analysis" name="test_sentiment_analysis[Sent____While_concer]" time="0.043" /><testcase classname="tests.test_sentiment_analysis" name="test_sentiment_analysis[Sent_It_now_owns_80_]" time="0.043" /><testcase classname="tests.test_sentiment_analysis" name="test_sentiment_analysis[Sent_The_Department_]" time="0.031" /><testcase classname="tests.test_sentiment_analysis" name="test_sentiment_analysis[Sent_The_airline_was]" time="0.037" /><testcase classname="tests.test_sentiment_analysis" name="test_sentiment_analysis[Sent_Boomeranger_Boa]" time="0.041" /><testcase classname="tests.test_sentiment_analysis" name="test_sentiment_analysis[Sent_Its_main_busine]" time="0.038" /><testcase classname="tests.test_sentiment_analysis" name="test_sentiment_analysis[Sent_Temporary_lay_o]" time="0.033" /><testcase classname="tests.test_sentiment_analysis" name="test_generate_markdown_summary_sa" time="0.002" /></testsuite></testsuites>