<?xml version="1.0" encoding="utf-8"?><testsuites name="pytest tests"><testsuite name="pytest" errors="0" failures="0" skipped="0" tests="22" time="2.928" timestamp="2025-08-23T10:14:18.778073+00:00" hostname="c5bc9c9c964b"><testcase classname="tests.test_question_answering" name="test_question_answering[QA_Warsaw_lies_in_]" time="0.195" /><testcase classname="tests.test_question_answering" name="test_question_answering[QA_The_2007_Lisbon]" time="0.121" /><testcase classname="tests.test_question_answering" name="test_question_answering[QA_Ranging_from_ab]" time="0.119" /><testcase classname="tests.test_question_answering" name="test_question_answering[QA_Former_IPCC_cha]" time="0.094" /><testcase classname="tests.test_question_answering" name="test_question_answering[QA_John_Schmitt_an]" time="0.129" /><testcase classname="tests.test_question_answering" name="test_question_answering[QA_During_the_Sout]" time="0.141" /><testcase classname="tests.test_question_answering" name="test_question_answering[QA_Within_the_geni]" time="0.132" /><testcase classname="tests.test_question_answering" name="test_question_answering[QA_The_element_is_]" time="0.116" /><testcase classname="tests.test_question_answering" name="test_question_answering[QA_In_southern_Eur]" time="0.138" /><testcase classname="tests.test_question_answering" name="test_question_answering[QA_Tymnet_was_an_i]" time="0.123" /><testcase classname="tests.test_question_answering" name="test_generate_markdown_summary_qa" time="0.002" /><testcase classname="tests.test_sentiment_analysis" name="test_sentiment_analysis[Sent_Tielinja_genera]" time="0.049" /><testcase classname="tests.test_sentiment_analysis" name="test_sentiment_analysis[Sent_Kone_shares_dro]" time="0.039" /><testcase classname="tests.test_sentiment_analysis" name="test_sentiment_analysis[Sent____Printed_fabr]" time="0.039" /><testcase classname="tests.test_sentiment_analysis" name="test_sentiment_analysis[Sent_Nine_banks_incl]" time="0.036" /><testcase classname="tests.test_sentiment_analysis" name="test_sentiment_analysis[Sent_ASSA_ABLOY_Kaup]" time="0.048" /><testcase classname="tests.test_sentiment_analysis" name="test_sentiment_analysis[Sent_These_share_tra]" time="0.039" /><testcase classname="tests.test_sentiment_analysis" name="test_sentiment_analysis[Sent_The_method_util]" time="0.046" /><testcase classname="tests.test_sentiment_analysis" name="test_sentiment_analysis[Sent__CIEN_http___st]" time="0.044" /><testcase classname="tests.test_sentiment_analysis" name="test_sentiment_analysis[Sent_AUSTIN___Texas_]" time="0.040" /><testcase classname="tests.test_sentiment_analysis" name="test_sentiment_analysis[Sent_Airvana__s_UMTS]" time="0.042" /><testcase classname="tests.test_sentiment_analysis" name="test_generate_markdown_summary_sa" time="0.002" /></testsuite></testsuites>