<?xml version="1.0" encoding="utf-8"?><testsuites name="pytest tests"><testsuite name="pytest" errors="0" failures="0" skipped="0" tests="22" time="3.310" timestamp="2025-08-24T11:41:53.934783+00:00" hostname="80e1187529de"><testcase classname="tests.test_question_answering" name="test_question_answering[QA_The_capabilitie]" time="0.139" /><testcase classname="tests.test_question_answering" name="test_question_answering[QA_The_university_]" time="0.147" /><testcase classname="tests.test_question_answering" name="test_question_answering[QA_Greater_London_]" time="0.111" /><testcase classname="tests.test_question_answering" name="test_question_answering[QA_Unlike_animals_]" time="0.112" /><testcase classname="tests.test_question_answering" name="test_question_answering[QA_can_have_infini]" time="0.139" /><testcase classname="tests.test_question_answering" name="test_question_answering[QA_Non_revolutiona]" time="0.181" /><testcase classname="tests.test_question_answering" name="test_question_answering[QA_However__alread]" time="0.173" /><testcase classname="tests.test_question_answering" name="test_question_answering[QA_Since_forces_ar]" time="0.088" /><testcase classname="tests.test_question_answering" name="test_question_answering[QA_Emperor_Gegeen_]" time="0.133" /><testcase classname="tests.test_question_answering" name="test_question_answering[QA_In_the_modern_i]" time="0.127" /><testcase classname="tests.test_question_answering" name="test_generate_markdown_summary_qa" time="0.002" /><testcase classname="tests.test_sentiment_analysis" name="test_sentiment_analysis[Sent_UPM_is_talking_]" time="0.073" /><testcase classname="tests.test_sentiment_analysis" name="test_sentiment_analysis[Sent____The_bond_gat]" time="0.052" /><testcase classname="tests.test_sentiment_analysis" name="test_sentiment_analysis[Sent_However___in_Ma]" time="0.058" /><testcase classname="tests.test_sentiment_analysis" name="test_sentiment_analysis[Sent_Nonwovens_and_s]" time="0.066" /><testcase classname="tests.test_sentiment_analysis" name="test_sentiment_analysis[Sent_The_total_inves]" time="0.076" /><testcase classname="tests.test_sentiment_analysis" name="test_sentiment_analysis[Sent_Kesko__s_car_im]" time="0.058" /><testcase classname="tests.test_sentiment_analysis" name="test_sentiment_analysis[Sent__NFLX__3__of_th]" time="0.055" /><testcase classname="tests.test_sentiment_analysis" name="test_sentiment_analysis[Sent_Aspocomp_has_a_]" time="0.061" /><testcase classname="tests.test_sentiment_analysis" name="test_sentiment_analysis[Sent_Finnish_dental_]" time="0.071" /><testcase classname="tests.test_sentiment_analysis" name="test_sentiment_analysis[Sent_The_veneer_and_]" time="0.052" /><testcase classname="tests.test_sentiment_analysis" name="test_generate_markdown_summary_sa" time="0.002" /></testsuite></testsuites>