<?xml version="1.0" encoding="utf-8"?><testsuites name="pytest tests"><testsuite name="pytest" errors="0" failures="0" skipped="0" tests="22" time="2.829" timestamp="2025-08-23T13:04:23.462033+00:00" hostname="da5d2d02f58d"><testcase classname="tests.test_question_answering" name="test_question_answering[QA_A_Pharmacy_Tech]" time="0.132" /><testcase classname="tests.test_question_answering" name="test_question_answering[QA_Geologists_use_]" time="0.097" /><testcase classname="tests.test_question_answering" name="test_question_answering[QA_Engineering_New]" time="0.112" /><testcase classname="tests.test_question_answering" name="test_question_answering[QA_The_Age_of_Impe]" time="0.091" /><testcase classname="tests.test_question_answering" name="test_question_answering[QA_Federal_safety_]" time="0.106" /><testcase classname="tests.test_question_answering" name="test_question_answering[QA_The_war_in_Nort]" time="0.171" /><testcase classname="tests.test_question_answering" name="test_question_answering[QA_One_computer_mo]" time="0.085" /><testcase classname="tests.test_question_answering" name="test_question_answering[QA_The_Taliban_wer]" time="0.091" /><testcase classname="tests.test_question_answering" name="test_question_answering[QA_The_Yuan_dynast]" time="0.172" /><testcase classname="tests.test_question_answering" name="test_question_answering[QA_Until_the_early]" time="0.133" /><testcase classname="tests.test_question_answering" name="test_generate_markdown_summary_qa" time="0.002" /><testcase classname="tests.test_sentiment_analysis" name="test_sentiment_analysis[Sent_Cerberus_Capita]" time="0.058" /><testcase classname="tests.test_sentiment_analysis" name="test_sentiment_analysis[Sent_Net_sales_surge]" time="0.049" /><testcase classname="tests.test_sentiment_analysis" name="test_sentiment_analysis[Sent_However___the_o]" time="0.043" /><testcase classname="tests.test_sentiment_analysis" name="test_sentiment_analysis[Sent_Honkarakenne_Oy]" time="0.046" /><testcase classname="tests.test_sentiment_analysis" name="test_sentiment_analysis[Sent_Local_governmen]" time="0.050" /><testcase classname="tests.test_sentiment_analysis" name="test_sentiment_analysis[Sent_STOCK_EXCHANGE_]" time="0.046" /><testcase classname="tests.test_sentiment_analysis" name="test_sentiment_analysis[Sent_Finnish_Kemira_]" time="0.047" /><testcase classname="tests.test_sentiment_analysis" name="test_sentiment_analysis[Sent_Some_of_the_lay]" time="0.035" /><testcase classname="tests.test_sentiment_analysis" name="test_sentiment_analysis[Sent_Looking_for_a_s]" time="0.042" /><testcase classname="tests.test_sentiment_analysis" name="test_sentiment_analysis[Sent_Operating_loss_]" time="0.036" /><testcase classname="tests.test_sentiment_analysis" name="test_generate_markdown_summary_sa" time="0.002" /></testsuite></testsuites>